#
# A fatal error has been detected by the Java Runtime Environment:
#
#  Internal Error (javaClasses.cpp:129), pid=9592, tid=8660
#  fatal error: Invalid layout of preloaded class
#
# JRE version: 7.0_25-b17
# Java VM: Java HotSpot(TM) 64-Bit Server VM (23.25-b01 mixed mode windows-amd64 compressed oops)
# Failed to write core dump. Minidumps are not enabled by default on client versions of Windows
#
# If you would like to submit a bug report, please visit:
#   http://bugreport.sun.com/bugreport/crash.jsp
#

---------------  T H R E A D  ---------------

Current thread (0x000000000013c800):  JavaThread "Unknown thread" [_thread_in_vm, id=8660, stack(0x00000000023e0000,0x00000000024e0000)]

Stack: [0x00000000023e0000,0x00000000024e0000]

---------------  P R O C E S S  ---------------

Java Threads: ( => current thread )

Other Threads:

=>0x000000000013c800 (exited) JavaThread "Unknown thread" [_thread_in_vm, id=8660, stack(0x00000000023e0000,0x00000000024e0000)]

VM state:not at safepoint (not fully initialized)

VM Mutex/Monitor currently owned by a thread: None

GC Heap History (0 events):
No events

Deoptimization events (0 events):
No events

Internal exceptions (0 events):
No events

Events (10 events):
Event: 0.008 loading class 0x00000000022afb60 done
Event: 0.008 loading class 0x0000000002271fa0 done
Event: 0.008 loading class 0x0000000002271f70
Event: 0.008 loading class 0x00000000022b9a50
Event: 0.008 loading class 0x00000000022b9a50 done
Event: 0.008 loading class 0x00000000022b9a90
Event: 0.008 loading class 0x00000000022b9a90 done
Event: 0.008 loading class 0x0000000002306bd0
Event: 0.008 loading class 0x0000000002306bd0 done
Event: 0.008 loading class 0x0000000002271f70 done


Dynamic libraries:
0x000000013f5d0000 - 0x000000013f603000 	D:\Program Files\Java\jdk1.7.0_25\bin\javaw.exe
0x0000000077480000 - 0x0000000077629000 	C:\Windows\SYSTEM32\ntdll.dll
0x0000000076da0000 - 0x0000000076ec0000 	C:\Windows\system32\kernel32.dll
0x000007fefda90000 - 0x000007fefdafc000 	C:\Windows\system32\KERNELBASE.dll
0x000007fefec80000 - 0x000007fefed5b000 	C:\Windows\system32\ADVAPI32.dll
0x000007fefeb70000 - 0x000007fefec0f000 	C:\Windows\system32\msvcrt.dll
0x000007fefedb0000 - 0x000007fefedcf000 	C:\Windows\SYSTEM32\sechost.dll
0x000007fefdcb0000 - 0x000007fefdddd000 	C:\Windows\system32\RPCRT4.dll
0x0000000077020000 - 0x000000007711a000 	C:\Windows\system32\USER32.dll
0x000007fefec10000 - 0x000007fefec77000 	C:\Windows\system32\GDI32.dll
0x000007fefdc40000 - 0x000007fefdc4e000 	C:\Windows\system32\LPK.dll
0x000007feff100000 - 0x000007feff1ca000 	C:\Windows\system32\USP10.dll
0x000007fefc320000 - 0x000007fefc514000 	C:\Windows\WinSxS\amd64_microsoft.windows.common-controls_6595b64144ccf1df_6.0.7601.18837_none_fa3b1e3d17594757\COMCTL32.dll
0x000007feff670000 - 0x000007feff6e1000 	C:\Windows\system32\SHLWAPI.dll
0x000007fefefd0000 - 0x000007fefeffe000 	C:\Windows\system32\IMM32.DLL
0x000007feff560000 - 0x000007feff669000 	C:\Windows\system32\MSCTF.dll
0x00000000703b0000 - 0x0000000070481000 	D:\Program Files\Java\jdk1.7.0_25\jre\bin\msvcr100.dll
0x0000000065740000 - 0x0000000065e4f000 	D:\Program Files\Java\jdk1.7.0_25\jre\bin\server\jvm.dll
0x000007fefc720000 - 0x000007fefc729000 	C:\Windows\system32\WSOCK32.dll
0x000007fefed60000 - 0x000007fefedad000 	C:\Windows\system32\WS2_32.dll
0x000007feff550000 - 0x000007feff558000 	C:\Windows\system32\NSI.dll
0x000007fefda20000 - 0x000007fefda5b000 	C:\Windows\system32\WINMM.dll
0x0000000077650000 - 0x0000000077657000 	C:\Windows\system32\PSAPI.DLL
0x0000000072ab0000 - 0x0000000072abf000 	D:\Program Files\Java\jdk1.7.0_25\jre\bin\verify.dll
0x0000000072830000 - 0x0000000072858000 	D:\Program Files\Java\jdk1.7.0_25\jre\bin\java.dll
0x0000000072a90000 - 0x0000000072aa5000 	D:\Program Files\Java\jdk1.7.0_25\jre\bin\zip.dll

VM Arguments:
jvm_args: -Dfile.encoding=UTF-8 -Xbootclasspath:D:\Program Files\Android\sdk\platforms\android-19\android.jar 
java_command: com.lk.fc.util.Kode
Launcher Type: SUN_STANDARD

Environment Variables:
JAVA_HOME=D:\Program Files\Java\jdk1.7.0_25
PATH=D:/Program Files/Java/jdk1.7.0_25/bin/../jre/bin/server;D:/Program Files/Java/jdk1.7.0_25/bin/../jre/bin;D:/Program Files/Java/jdk1.7.0_25/bin/../jre/lib/amd64;C:\Windows\system32;C:\Windows;C:\Windows\System32\Wbem;C:\Windows\System32\WindowsPowerShell\v1.0\;D:\Program Files\Java\jdk1.7.0_25\bin;D:\Program Files\TortoiseSVN\bin;d:\Program Files\IDM Computer Solutions\UltraEdit;C:\Program Files (x86)\IDM Computer Solutions\UltraCompare\;D:\Program Files\Android\eclipse;
USERNAME=Administrator
OS=Windows_NT
PROCESSOR_IDENTIFIER=Intel64 Family 6 Model 58 Stepping 9, GenuineIntel



---------------  S Y S T E M  ---------------

OS: Windows 7 , 64 bit Build 7601 Service Pack 1

CPU:total 4 (4 cores per cpu, 1 threads per core) family 6 model 58 stepping 9, cmov, cx8, fxsr, mmx, sse, sse2, sse3, ssse3, sse4.1, sse4.2, popcnt, avx, tsc, tscinvbit, tscinv

Memory: 4k page, physical 8075520k(3186988k free), swap 16149204k(10920148k free)

vm_info: Java HotSpot(TM) 64-Bit Server VM (23.25-b01) for windows-amd64 JRE (1.7.0_25-b17), built on Jun 21 2013 12:58:32 by "java_re" with unknown MS VC++:1600

time: Tue Apr 12 10:55:55 2016
elapsed time: 0 seconds

